<?xml version="1.0" encoding="UTF-8"?>
<!-- Generated by org.testng.reporters.JUnitXMLReporter -->
<testsuite ignored="2" hostname="DESKTOP-ANRTP66" failures="0" tests="1" name="Command line test" time="14.37" errors="0" timestamp="2020-09-06T18:57:59 IST">
  <testcase classname="Test.SanityTest" name="CheckElementsforOP" time="14.317"/>
  <testcase classname="Test.SelTest" name="@BeforeSuite setUp" time="0.0">
    <ignored/>
  </testcase> <!-- @BeforeSuite setUp -->
  <testcase classname="Test.SelTest" name="@AfterSuite tearDown" time="0.0">
    <ignored/>
  </testcase> <!-- @AfterSuite tearDown -->
</testsuite> <!-- Command line test -->
