<?xml version="1.0" encoding="UTF-8"?>
<testng-results ignored="2" total="3" passed="1" failed="0" skipped="0">
  <reporter-output>
  </reporter-output>
  <suite started-at="2020-09-06T18:57:44 IST" name="Command line suite" finished-at="2020-09-06T18:57:59 IST" duration-ms="14370">
    <groups>
    </groups>
    <test started-at="2020-09-06T18:57:44 IST" name="Command line test" finished-at="2020-09-06T18:57:59 IST" duration-ms="14370">
      <class name="Test.SanityTest">
        <test-method is-config="true" signature="setUp()[pri:0, instance:Test.SanityTest@42eca56e]" started-at="2020-09-06T18:57:34 IST" name="setUp" finished-at="2020-09-06T18:57:44 IST" duration-ms="10257" status="PASS">
          <reporter-output>
          </reporter-output>
        </test-method> <!-- setUp -->
        <test-method signature="CheckElementsforOP()[pri:1, instance:Test.SanityTest@42eca56e]" started-at="2020-09-06T18:57:44 IST" name="CheckElementsforOP" finished-at="2020-09-06T18:57:59 IST" duration-ms="14317" status="PASS">
          <reporter-output>
          </reporter-output>
        </test-method> <!-- CheckElementsforOP -->
        <test-method is-config="true" signature="tearDown()[pri:0, instance:Test.SanityTest@42eca56e]" started-at="2020-09-06T18:57:59 IST" name="tearDown" finished-at="2020-09-06T18:58:00 IST" duration-ms="755" status="PASS">
          <reporter-output>
          </reporter-output>
        </test-method> <!-- tearDown -->
      </class> <!-- Test.SanityTest -->
    </test> <!-- Command line test -->
  </suite> <!-- Command line suite -->
</testng-results>
