<?xml version="1.0" encoding="UTF-8"?>
<testng-results ignored="0" total="2" passed="2" failed="0" skipped="0">
  <reporter-output>
  </reporter-output>
  <suite started-at="2020-08-28T04:44:13Z" name="Default suite" finished-at="2020-08-28T04:45:19Z" duration-ms="66345">
    <groups>
    </groups>
    <test started-at="2020-08-28T04:44:13Z" name="Default test" finished-at="2020-08-28T04:45:19Z" duration-ms="66345">
      <class name="Test.SanityTest">
        <test-method is-config="true" signature="setUp()[pri:0, instance:Test.SanityTest@5ad851c9]" started-at="2020-08-28T04:44:01Z" name="setUp" finished-at="2020-08-28T04:44:13Z" duration-ms="11426" status="PASS">
          <reporter-output>
          </reporter-output>
        </test-method> <!-- setUp -->
        <test-method signature="CheckElementsforOP()[pri:1, instance:Test.SanityTest@5ad851c9]" started-at="2020-08-28T04:44:13Z" name="CheckElementsforOP" finished-at="2020-08-28T04:45:12Z" duration-ms="58861" status="PASS">
          <reporter-output>
          </reporter-output>
        </test-method> <!-- CheckElementsforOP -->
        <test-method signature="CheckElementsforCopypaste()[pri:2, instance:Test.SanityTest@5ad851c9]" started-at="2020-08-28T04:45:12Z" name="CheckElementsforCopypaste" finished-at="2020-08-28T04:45:19Z" duration-ms="7431" status="PASS">
          <reporter-output>
          </reporter-output>
        </test-method> <!-- CheckElementsforCopypaste -->
        <test-method is-config="true" signature="tearDown(org.testng.ITestResult)[pri:0, instance:Test.SanityTest@5ad851c9]" started-at="2020-08-28T04:45:19Z" name="tearDown" finished-at="2020-08-28T04:45:19Z" duration-ms="0" status="FAIL">
          <exception class="org.testng.TestNGException">
            <message>
              <![CDATA[
Can inject only one of <ITestContext, XmlTest> into a @AfterSuite annotated tearDown.
For more information on native dependency injection please refer to http://testng.org/doc/documentation-main.html#native-dependency-injection]]>
            </message>
            <full-stacktrace>
              <![CDATA[org.testng.TestNGException: 
Can inject only one of <ITestContext, XmlTest> into a @AfterSuite annotated tearDown.
For more information on native dependency injection please refer to http://testng.org/doc/documentation-main.html#native-dependency-injection
at org.testng.internal.Parameters.checkParameterTypes(Parameters.java:407)
at org.testng.internal.Parameters.createParametersForMethod(Parameters.java:356)
at org.testng.internal.Parameters.createParameters(Parameters.java:635)
at org.testng.internal.Parameters.createConfigurationParameters(Parameters.java:190)
at org.testng.internal.Invoker.invokeConfigurations(Invoker.java:209)
at org.testng.internal.Invoker.invokeConfigurations(Invoker.java:142)
at org.testng.SuiteRunner.privateRun(SuiteRunner.java:425)
at org.testng.SuiteRunner.run(SuiteRunner.java:364)
at org.testng.SuiteRunnerWorker.runSuite(SuiteRunnerWorker.java:52)
at org.testng.SuiteRunnerWorker.run(SuiteRunnerWorker.java:84)
at org.testng.TestNG.runSuitesSequentially(TestNG.java:1208)
at org.testng.TestNG.runSuitesLocally(TestNG.java:1137)
at org.testng.TestNG.runSuites(TestNG.java:1049)
at org.testng.TestNG.run(TestNG.java:1017)
at org.testng.remote.AbstractRemoteTestNG.run(AbstractRemoteTestNG.java:115)
at org.testng.remote.RemoteTestNG.initAndRun(RemoteTestNG.java:251)
at org.testng.remote.RemoteTestNG.main(RemoteTestNG.java:77)
]]>
            </full-stacktrace>
          </exception> <!-- org.testng.TestNGException -->
          <reporter-output>
          </reporter-output>
        </test-method> <!-- tearDown -->
      </class> <!-- Test.SanityTest -->
    </test> <!-- Default test -->
  </suite> <!-- Default suite -->
</testng-results>
